Using pre-set license
Built from '2020.3/staging' branch; Version is '2020.3.9f1 (108be757e447) revision 1084391'; Using compiler version '192528614'; Build Type 'Release'
OS: 'Windows 10 Home; OS build 19041.985; Version 2004; 64bit' Language: 'hu' Physical Memory: 32687 MB
BatchMode: 1, IsHumanControllingUs: 0, StartBugReporterOnCrash: 0, Is64bit: 1, IsPro: 0

 COMMAND LINE ARGUMENTS:
F:\Unity\2020.3.9f1\Editor\Unity.exe
-adb2
-batchMode
-noUpm
-name
AssetImportWorker0
-projectPath
F:/Github/TDProject/TDProject
-logFile
Logs/AssetImportWorker0.log
-srvPort
53638
Successfully changed project path to: F:/Github/TDProject/TDProject
F:/Github/TDProject/TDProject
Using Asset Import Pipeline V2.
Refreshing native plugins compatible for Editor in 18.58 ms, found 0 plugins.
Preloading 0 native plugins for Editor in 0.00 ms.
Initialize engine version: 2020.3.9f1 (108be757e447)
[Subsystems] Discovering subsystems at path F:/Unity/2020.3.9f1/Editor/Data/Resources/UnitySubsystems
[Subsystems] Discovering subsystems at path F:/Github/TDProject/TDProject/Assets
GfxDevice: creating device client; threaded=0
Direct3D:
    Version:  Direct3D 11.0 [level 11.1]
    Renderer: NVIDIA GeForce RTX 2060 (ID=0x1f08)
    Vendor:   
    VRAM:     5980 MB
    Driver:   27.21.14.6647
Initialize mono
Mono path[0] = 'F:/Unity/2020.3.9f1/Editor/Data/Managed'
Mono path[1] = 'F:/Unity/2020.3.9f1/Editor/Data/MonoBleedingEdge/lib/mono/unityjit'
Mono config path = 'F:/Unity/2020.3.9f1/Editor/Data/MonoBleedingEdge/etc'
Using monoOptions --debugger-agent=transport=dt_socket,embedding=1,server=y,suspend=n,address=127.0.0.1:56812
Begin MonoManager ReloadAssembly
Registering precompiled unity dll's ...
Register platform support module: F:/Unity/2020.3.9f1/Editor/Data/PlaybackEngines/WebGLSupport/UnityEditor.WebGL.Extensions.dll
Register platform support module: F:/Unity/2020.3.9f1/Editor/Data/PlaybackEngines/WindowsStandaloneSupport/UnityEditor.WindowsStandalone.Extensions.dll
Registered in 0.001063 seconds.
Native extension for WindowsStandalone target not found
Native extension for WebGL target not found
Refreshing native plugins compatible for Editor in 18.34 ms, found 0 plugins.
Preloading 0 native plugins for Editor in 0.00 ms.
Mono: successfully reloaded assembly
- Completed reload, in  0.799 seconds
Platform modules already initialized, skipping
Registering precompiled user dll's ...
Registered in 0.000446 seconds.
Begin MonoManager ReloadAssembly
Native extension for WindowsStandalone target not found
Native extension for WebGL target not found
Refreshing native plugins compatible for Editor in 0.19 ms, found 0 plugins.
Preloading 0 native plugins for Editor in 0.00 ms.
Mono: successfully reloaded assembly
- Completed reload, in  0.676 seconds
Platform modules already initialized, skipping
========================================================================
Worker process is ready to serve import requests
Launched and connected shader compiler UnityShaderCompiler.exe after 0.04 seconds
Refreshing native plugins compatible for Editor in 0.20 ms, found 0 plugins.
Preloading 0 native plugins for Editor in 0.00 ms.
Unloading 1126 Unused Serialized files (Serialized files now loaded: 0)
System memory in use before: 57.3 MB.
System memory in use after: 57.4 MB.

Unloading 9 unused Assets to reduce memory usage. Loaded Objects now: 1570.
Total: 1.687600 ms (FindLiveObjects: 0.140000 ms CreateObjectMapping: 0.046800 ms MarkObjects: 1.416400 ms  DeleteObjects: 0.083200 ms)

========================================================================
Received Import Request.
  path: Assets/Prefabs/TurretB.prefab
  artifactKey: Guid(8b37afad145b0cd4a8693ae8d45fd301) Importer(815301076,1909f56bfc062723c751e8b465ee728b)
Start importing Assets/Prefabs/TurretB.prefab using Guid(8b37afad145b0cd4a8693ae8d45fd301) Importer(815301076,1909f56bfc062723c751e8b465ee728b)  -> (artifact id: 'bb07fd5169cec3d8dde1919de6af7d8e') in 0.163085 seconds
  Import took 0.164821 seconds .

========================================================================
Received Import Request.
  Time since last request: 0.000290 seconds.
  path: Assets/Prefabs/Turret.prefab
  artifactKey: Guid(1cd6b9ff384efb249a464cab1131d0bc) Importer(815301076,1909f56bfc062723c751e8b465ee728b)
Start importing Assets/Prefabs/Turret.prefab using Guid(1cd6b9ff384efb249a464cab1131d0bc) Importer(815301076,1909f56bfc062723c751e8b465ee728b)  -> (artifact id: '626e0d3f2205bf7730bfc14d2a1ef7f0') in 0.007309 seconds
  Import took 0.026256 seconds .

========================================================================
Received Import Request.
  Time since last request: 0.000261 seconds.
  path: Assets/Prefabs/TurretR.prefab
  artifactKey: Guid(e5c00ce9c25d57240a8f0d971484d01c) Importer(815301076,1909f56bfc062723c751e8b465ee728b)
Start importing Assets/Prefabs/TurretR.prefab using Guid(e5c00ce9c25d57240a8f0d971484d01c) Importer(815301076,1909f56bfc062723c751e8b465ee728b)  -> (artifact id: '5fba21e2514d6f9084e0d4fda02d9a8a') in 0.007224 seconds
  Import took 0.008900 seconds .

========================================================================
Received Import Request.
  Time since last request: 0.000262 seconds.
  path: Assets/Prefabs/TurretG.prefab
  artifactKey: Guid(361a4fea808648c41815bc9dc474c3bb) Importer(815301076,1909f56bfc062723c751e8b465ee728b)
Start importing Assets/Prefabs/TurretG.prefab using Guid(361a4fea808648c41815bc9dc474c3bb) Importer(815301076,1909f56bfc062723c751e8b465ee728b)  -> (artifact id: 'd489b3312ad8eb924e728f3f895db3cb') in 0.012760 seconds
  Import took 0.014869 seconds .

========================================================================
Received Import Request.
  Time since last request: 0.000253 seconds.
  path: Assets/Prefabs/TurretY.prefab
  artifactKey: Guid(6b989ad672110ba4caa81a4c9abae3bf) Importer(815301076,1909f56bfc062723c751e8b465ee728b)
Start importing Assets/Prefabs/TurretY.prefab using Guid(6b989ad672110ba4caa81a4c9abae3bf) Importer(815301076,1909f56bfc062723c751e8b465ee728b)  -> (artifact id: 'd17815a5b5f635231df5074b40f600cc') in 0.008367 seconds
  Import took 0.010322 seconds .

========================================================================
Received Import Request.
  Time since last request: 0.000261 seconds.
  path: Assets/Prefabs/Station.prefab
  artifactKey: Guid(632c962ba13571e42a3ae7b4ae911051) Importer(815301076,1909f56bfc062723c751e8b465ee728b)
Start importing Assets/Prefabs/Station.prefab using Guid(632c962ba13571e42a3ae7b4ae911051) Importer(815301076,1909f56bfc062723c751e8b465ee728b)  -> (artifact id: 'be982e41d54661dba54894b9c73491e4') in 0.005776 seconds
  Import took 0.007482 seconds .

========================================================================
Received Import Request.
  Time since last request: 0.000317 seconds.
  path: Assets/Prefabs/EnemyC.prefab
  artifactKey: Guid(4b8abe24346d85042b57946d081301ad) Importer(815301076,1909f56bfc062723c751e8b465ee728b)
Start importing Assets/Prefabs/EnemyC.prefab using Guid(4b8abe24346d85042b57946d081301ad) Importer(815301076,1909f56bfc062723c751e8b465ee728b)  -> (artifact id: '929547c977d4b4f0c90aabda51fcc553') in 0.017403 seconds
  Import took 0.019185 seconds .

========================================================================
Received Import Request.
  Time since last request: 0.000307 seconds.
  path: Assets/Prefabs/EnemyS.prefab
  artifactKey: Guid(cfdd6b1d4d50c9c489e7a1647a36e754) Importer(815301076,1909f56bfc062723c751e8b465ee728b)
Start importing Assets/Prefabs/EnemyS.prefab using Guid(cfdd6b1d4d50c9c489e7a1647a36e754) Importer(815301076,1909f56bfc062723c751e8b465ee728b)  -> (artifact id: '61e98dd9288941f009e23c9abb621ce5') in 0.005766 seconds
  Import took 0.007557 seconds .

========================================================================
Received Import Request.
  Time since last request: 1.345448 seconds.
  path: Assets/Scenes/SampleScene.unity
  artifactKey: Guid(9fc0d4010bbf28b4594072e72b8655ab) Importer(815301076,1909f56bfc062723c751e8b465ee728b)
Start importing Assets/Scenes/SampleScene.unity using Guid(9fc0d4010bbf28b4594072e72b8655ab) Importer(815301076,1909f56bfc062723c751e8b465ee728b)  -> (artifact id: '56813390de646607952b9a144a2651d2') in 0.002484 seconds
  Import took 0.004117 seconds .

========================================================================
Received Prepare
Registering precompiled user dll's ...
Registered in 0.000841 seconds.
Begin MonoManager ReloadAssembly
Native extension for WindowsStandalone target not found
Native extension for WebGL target not found
Refreshing native plugins compatible for Editor in 0.19 ms, found 0 plugins.
Preloading 0 native plugins for Editor in 0.00 ms.
Mono: successfully reloaded assembly
- Completed reload, in  0.751 seconds
Platform modules already initialized, skipping
Refreshing native plugins compatible for Editor in 0.20 ms, found 0 plugins.
Preloading 0 native plugins for Editor in 0.00 ms.
Unloading 1120 Unused Serialized files (Serialized files now loaded: 0)
System memory in use before: 60.5 MB.
System memory in use after: 60.6 MB.

Unloading 7 unused Assets to reduce memory usage. Loaded Objects now: 1585.
Total: 1.472600 ms (FindLiveObjects: 0.135000 ms CreateObjectMapping: 0.034300 ms MarkObjects: 1.279800 ms  DeleteObjects: 0.022200 ms)

========================================================================
Received Import Request.
  Time since last request: 1160.144533 seconds.
  path: Assets/Scenes/UI testscene.unity
  artifactKey: Guid(0c235d8415fda314680022834cc7587b) Importer(815301076,1909f56bfc062723c751e8b465ee728b)
Start importing Assets/Scenes/UI testscene.unity using Guid(0c235d8415fda314680022834cc7587b) Importer(815301076,1909f56bfc062723c751e8b465ee728b)  -> (artifact id: '33bd113a5e911c529ae0330aab8e8c26') in 0.011260 seconds
  Import took 0.013166 seconds .

========================================================================
Received Prepare
Registering precompiled user dll's ...
Registered in 0.000431 seconds.
Begin MonoManager ReloadAssembly
Native extension for WindowsStandalone target not found
Native extension for WebGL target not found
Refreshing native plugins compatible for Editor in 0.18 ms, found 0 plugins.
Preloading 0 native plugins for Editor in 0.00 ms.
Mono: successfully reloaded assembly
- Completed reload, in  0.661 seconds
Platform modules already initialized, skipping
Refreshing native plugins compatible for Editor in 0.18 ms, found 0 plugins.
Preloading 0 native plugins for Editor in 0.00 ms.
Unloading 1120 Unused Serialized files (Serialized files now loaded: 0)
System memory in use before: 60.5 MB.
System memory in use after: 60.6 MB.

Unloading 4 unused Assets to reduce memory usage. Loaded Objects now: 1588.
Total: 1.502000 ms (FindLiveObjects: 0.096900 ms CreateObjectMapping: 0.025700 ms MarkObjects: 1.368300 ms  DeleteObjects: 0.010500 ms)

AssetImportWorkerClient::OnTransportError - code=2 error=End of file
