Using pre-set license
Built from '2020.3/staging' branch; Version is '2020.3.9f1 (108be757e447) revision 1084391'; Using compiler version '192528614'; Build Type 'Release'
OS: 'Windows 10 Home; OS build 19041.985; Version 2004; 64bit' Language: 'en' Physical Memory: 32523 MB
BatchMode: 1, IsHumanControllingUs: 0, StartBugReporterOnCrash: 0, Is64bit: 1, IsPro: 0

 COMMAND LINE ARGUMENTS:
C:\Program Files\Unity\Hub\Editor\2020.3.9f1\Editor\Unity.exe
-adb2
-batchMode
-noUpm
-name
AssetImportWorker1
-projectPath
D:/Private/TDProject/TDProject
-logFile
Logs/AssetImportWorker1.log
-srvPort
60452
Successfully changed project path to: D:/Private/TDProject/TDProject
D:/Private/TDProject/TDProject
Using Asset Import Pipeline V2.
Refreshing native plugins compatible for Editor in 20.31 ms, found 0 plugins.
Preloading 0 native plugins for Editor in 0.00 ms.
Initialize engine version: 2020.3.9f1 (108be757e447)
[Subsystems] Discovering subsystems at path C:/Program Files/Unity/Hub/Editor/2020.3.9f1/Editor/Data/Resources/UnitySubsystems
[Subsystems] Discovering subsystems at path D:/Private/TDProject/TDProject/Assets
GfxDevice: creating device client; threaded=0
Direct3D:
    Version:  Direct3D 11.0 [level 11.1]
    Renderer: NVIDIA GeForce RTX 2070 Super (ID=0x1ed1)
    Vendor:   
    VRAM:     8011 MB
    Driver:   27.21.14.6618
Initialize mono
Mono path[0] = 'C:/Program Files/Unity/Hub/Editor/2020.3.9f1/Editor/Data/Managed'
Mono path[1] = 'C:/Program Files/Unity/Hub/Editor/2020.3.9f1/Editor/Data/MonoBleedingEdge/lib/mono/unityjit'
Mono config path = 'C:/Program Files/Unity/Hub/Editor/2020.3.9f1/Editor/Data/MonoBleedingEdge/etc'
Using monoOptions --debugger-agent=transport=dt_socket,embedding=1,server=y,suspend=n,address=127.0.0.1:56252
Begin MonoManager ReloadAssembly
Registering precompiled unity dll's ...
Register platform support module: C:/Program Files/Unity/Hub/Editor/2020.3.9f1/Editor/Data/PlaybackEngines/WebGLSupport/UnityEditor.WebGL.Extensions.dll
Register platform support module: C:/Program Files/Unity/Hub/Editor/2020.3.9f1/Editor/Data/PlaybackEngines/WindowsStandaloneSupport/UnityEditor.WindowsStandalone.Extensions.dll
Registered in 0.001744 seconds.
Native extension for WindowsStandalone target not found
Native extension for WebGL target not found
Refreshing native plugins compatible for Editor in 20.56 ms, found 0 plugins.
Preloading 0 native plugins for Editor in 0.00 ms.
Mono: successfully reloaded assembly
- Completed reload, in  1.758 seconds
Platform modules already initialized, skipping
Registering precompiled user dll's ...
Registered in 0.000431 seconds.
Begin MonoManager ReloadAssembly
Native extension for WindowsStandalone target not found
Native extension for WebGL target not found
Refreshing native plugins compatible for Editor in 0.19 ms, found 0 plugins.
Preloading 0 native plugins for Editor in 0.00 ms.
Mono: successfully reloaded assembly
- Completed reload, in  0.705 seconds
Platform modules already initialized, skipping
========================================================================
Worker process is ready to serve import requests
Launched and connected shader compiler UnityShaderCompiler.exe after 0.10 seconds
Refreshing native plugins compatible for Editor in 0.35 ms, found 0 plugins.
Preloading 0 native plugins for Editor in 0.00 ms.
Unloading 1120 Unused Serialized files (Serialized files now loaded: 0)
System memory in use before: 57.8 MB.
System memory in use after: 57.8 MB.

Unloading 10 unused Assets to reduce memory usage. Loaded Objects now: 1566.
Total: 1.262400 ms (FindLiveObjects: 0.105300 ms CreateObjectMapping: 0.032000 ms MarkObjects: 1.064800 ms  DeleteObjects: 0.059500 ms)

========================================================================
Received Import Request.
  path: Assets/Prefabs/Bullet.prefab
  artifactKey: Guid(1ed4ff3cd3ebdef43b71ceff0c0fb1d6) Importer(815301076,1909f56bfc062723c751e8b465ee728b)
Start importing Assets/Prefabs/Bullet.prefab using Guid(1ed4ff3cd3ebdef43b71ceff0c0fb1d6) Importer(815301076,1909f56bfc062723c751e8b465ee728b)  -> (artifact id: '175cbd9231c0fe1481716a89b2d3af9b') in 0.085017 seconds
  Import took 0.086670 seconds .

========================================================================
Received Import Request.
  Time since last request: 2.357169 seconds.
  path: Assets/Prefabs/Bullet.prefab
  artifactKey: Guid(1ed4ff3cd3ebdef43b71ceff0c0fb1d6) Importer(815301076,1909f56bfc062723c751e8b465ee728b)
Start importing Assets/Prefabs/Bullet.prefab using Guid(1ed4ff3cd3ebdef43b71ceff0c0fb1d6) Importer(815301076,1909f56bfc062723c751e8b465ee728b)  -> (artifact id: '855ed6667ecc41d9de48e65c727c5781') in 0.011153 seconds
  Import took 0.012976 seconds .

========================================================================
Received Import Request.
  Time since last request: 3.763824 seconds.
  path: Assets/Prefabs/Bullet.prefab
  artifactKey: Guid(1ed4ff3cd3ebdef43b71ceff0c0fb1d6) Importer(815301076,1909f56bfc062723c751e8b465ee728b)
Start importing Assets/Prefabs/Bullet.prefab using Guid(1ed4ff3cd3ebdef43b71ceff0c0fb1d6) Importer(815301076,1909f56bfc062723c751e8b465ee728b)  -> (artifact id: 'f2129bc15339ae3ec05c1a0c44caa505') in 0.010692 seconds
  Import took 0.012866 seconds .

========================================================================
Received Import Request.
  Time since last request: 1.783448 seconds.
  path: Assets/Prefabs/Bullet.prefab
  artifactKey: Guid(1ed4ff3cd3ebdef43b71ceff0c0fb1d6) Importer(815301076,1909f56bfc062723c751e8b465ee728b)
Start importing Assets/Prefabs/Bullet.prefab using Guid(1ed4ff3cd3ebdef43b71ceff0c0fb1d6) Importer(815301076,1909f56bfc062723c751e8b465ee728b)  -> (artifact id: '9442a0bc35319a7abf4fd5fe43140f47') in 0.005255 seconds
  Import took 0.006841 seconds .

========================================================================
Received Prepare
Registering precompiled user dll's ...
Registered in 0.000534 seconds.
Begin MonoManager ReloadAssembly
Native extension for WindowsStandalone target not found
Native extension for WebGL target not found
Refreshing native plugins compatible for Editor in 0.21 ms, found 0 plugins.
Preloading 0 native plugins for Editor in 0.00 ms.
Mono: successfully reloaded assembly
- Completed reload, in  0.687 seconds
Platform modules already initialized, skipping
Refreshing native plugins compatible for Editor in 0.20 ms, found 0 plugins.
Preloading 0 native plugins for Editor in 0.00 ms.
Unloading 1115 Unused Serialized files (Serialized files now loaded: 0)
System memory in use before: 60.9 MB.
System memory in use after: 61.0 MB.

Unloading 6 unused Assets to reduce memory usage. Loaded Objects now: 1577.
Total: 1.575000 ms (FindLiveObjects: 0.110800 ms CreateObjectMapping: 0.030700 ms MarkObjects: 1.389400 ms  DeleteObjects: 0.042800 ms)

========================================================================
Received Import Request.
  Time since last request: 41206.012155 seconds.
  path: Assets/Prefabs/Explosion.prefab
  artifactKey: Guid(7ede9b270cdc03044a06a990bfc332c6) Importer(815301076,1909f56bfc062723c751e8b465ee728b)
Start importing Assets/Prefabs/Explosion.prefab using Guid(7ede9b270cdc03044a06a990bfc332c6) Importer(815301076,1909f56bfc062723c751e8b465ee728b)  -> (artifact id: 'd0367a8b5029379a17e45113697b3ba9') in 0.101802 seconds
  Import took 0.129367 seconds .

========================================================================
Received Prepare
Registering precompiled user dll's ...
Registered in 0.000357 seconds.
Begin MonoManager ReloadAssembly
Native extension for WindowsStandalone target not found
Native extension for WebGL target not found
Refreshing native plugins compatible for Editor in 0.19 ms, found 0 plugins.
Preloading 0 native plugins for Editor in 0.00 ms.
Mono: successfully reloaded assembly
- Completed reload, in  0.638 seconds
Platform modules already initialized, skipping
Refreshing native plugins compatible for Editor in 0.18 ms, found 0 plugins.
Preloading 0 native plugins for Editor in 0.00 ms.
Unloading 1115 Unused Serialized files (Serialized files now loaded: 0)
System memory in use before: 60.9 MB.
System memory in use after: 61.0 MB.

Unloading 5 unused Assets to reduce memory usage. Loaded Objects now: 1581.
Total: 1.519500 ms (FindLiveObjects: 0.102500 ms CreateObjectMapping: 0.027400 ms MarkObjects: 1.346800 ms  DeleteObjects: 0.041800 ms)

========================================================================
Received Import Request.
  Time since last request: 116.792545 seconds.
  path: Assets/Prefabs/EnemyC.prefab
  artifactKey: Guid(4b8abe24346d85042b57946d081301ad) Importer(815301076,1909f56bfc062723c751e8b465ee728b)
Start importing Assets/Prefabs/EnemyC.prefab using Guid(4b8abe24346d85042b57946d081301ad) Importer(815301076,1909f56bfc062723c751e8b465ee728b)  -> (artifact id: 'e5a4fe6badd1f14f6762c1daea9af8e4') in 0.047130 seconds
  Import took 0.048689 seconds .

========================================================================
Received Import Request.
  Time since last request: 7.264970 seconds.
  path: Assets/Prefabs/EnemyC.prefab
  artifactKey: Guid(4b8abe24346d85042b57946d081301ad) Importer(815301076,1909f56bfc062723c751e8b465ee728b)
Start importing Assets/Prefabs/EnemyC.prefab using Guid(4b8abe24346d85042b57946d081301ad) Importer(815301076,1909f56bfc062723c751e8b465ee728b)  -> (artifact id: 'ccc102b36e8990a6ff4f48cede084582') in 0.007355 seconds
  Import took 0.009044 seconds .

========================================================================
Received Prepare
Registering precompiled user dll's ...
Registered in 0.000324 seconds.
Begin MonoManager ReloadAssembly
Native extension for WindowsStandalone target not found
Native extension for WebGL target not found
Refreshing native plugins compatible for Editor in 0.17 ms, found 0 plugins.
Preloading 0 native plugins for Editor in 0.00 ms.
Mono: successfully reloaded assembly
- Completed reload, in  0.597 seconds
Platform modules already initialized, skipping
Refreshing native plugins compatible for Editor in 0.18 ms, found 0 plugins.
Preloading 0 native plugins for Editor in 0.00 ms.
Unloading 1115 Unused Serialized files (Serialized files now loaded: 0)
System memory in use before: 61.0 MB.
System memory in use after: 61.1 MB.

Unloading 6 unused Assets to reduce memory usage. Loaded Objects now: 1586.
Total: 1.332200 ms (FindLiveObjects: 0.108700 ms CreateObjectMapping: 0.027800 ms MarkObjects: 1.157100 ms  DeleteObjects: 0.038000 ms)

========================================================================
Received Import Request.
  Time since last request: 34.181322 seconds.
  path: Assets/Prefabs/Explosion.prefab
  artifactKey: Guid(7ede9b270cdc03044a06a990bfc332c6) Importer(815301076,1909f56bfc062723c751e8b465ee728b)
Start importing Assets/Prefabs/Explosion.prefab using Guid(7ede9b270cdc03044a06a990bfc332c6) Importer(815301076,1909f56bfc062723c751e8b465ee728b)  -> (artifact id: 'd5cede52a7b769799f99d97d3176bfff') in 0.019926 seconds
  Import took 0.021552 seconds .

========================================================================
Received Prepare
Registering precompiled user dll's ...
Registered in 0.000375 seconds.
Begin MonoManager ReloadAssembly
Native extension for WindowsStandalone target not found
Native extension for WebGL target not found
Refreshing native plugins compatible for Editor in 0.17 ms, found 0 plugins.
Preloading 0 native plugins for Editor in 0.00 ms.
Mono: successfully reloaded assembly
- Completed reload, in  0.602 seconds
Platform modules already initialized, skipping
Refreshing native plugins compatible for Editor in 0.19 ms, found 0 plugins.
Preloading 0 native plugins for Editor in 0.00 ms.
Unloading 1115 Unused Serialized files (Serialized files now loaded: 0)
System memory in use before: 61.0 MB.
System memory in use after: 61.1 MB.

Unloading 5 unused Assets to reduce memory usage. Loaded Objects now: 1589.
Total: 1.345500 ms (FindLiveObjects: 0.126800 ms CreateObjectMapping: 0.035900 ms MarkObjects: 1.135800 ms  DeleteObjects: 0.046100 ms)

========================================================================
Received Import Request.
  Time since last request: 2972.322934 seconds.
  path: Assets/Scripts/CameraController.cs
  artifactKey: Guid(aa0ac2e6296caf8479043123cf35e1b5) Importer(815301076,1909f56bfc062723c751e8b465ee728b)
Start importing Assets/Scripts/CameraController.cs using Guid(aa0ac2e6296caf8479043123cf35e1b5) Importer(815301076,1909f56bfc062723c751e8b465ee728b)  -> (artifact id: '32c3cddffcb413ce5ca571c2ba600c50') in 0.010800 seconds
  Import took 0.012477 seconds .

========================================================================
Received Prepare
Registering precompiled user dll's ...
Registered in 0.000347 seconds.
Begin MonoManager ReloadAssembly
Native extension for WindowsStandalone target not found
Native extension for WebGL target not found
Refreshing native plugins compatible for Editor in 0.20 ms, found 0 plugins.
Preloading 0 native plugins for Editor in 0.00 ms.
Mono: successfully reloaded assembly
- Completed reload, in  0.615 seconds
Platform modules already initialized, skipping
Refreshing native plugins compatible for Editor in 0.22 ms, found 0 plugins.
Preloading 0 native plugins for Editor in 0.00 ms.
Unloading 1116 Unused Serialized files (Serialized files now loaded: 0)
System memory in use before: 61.1 MB.
System memory in use after: 61.1 MB.

Unloading 5 unused Assets to reduce memory usage. Loaded Objects now: 1593.
Total: 1.228200 ms (FindLiveObjects: 0.106700 ms CreateObjectMapping: 0.029300 ms MarkObjects: 1.050900 ms  DeleteObjects: 0.040700 ms)

========================================================================
Received Prepare
Registering precompiled user dll's ...
Registered in 0.000339 seconds.
Begin MonoManager ReloadAssembly
Native extension for WindowsStandalone target not found
Native extension for WebGL target not found
Refreshing native plugins compatible for Editor in 0.18 ms, found 0 plugins.
Preloading 0 native plugins for Editor in 0.00 ms.
Mono: successfully reloaded assembly
- Completed reload, in  0.614 seconds
Platform modules already initialized, skipping
Refreshing native plugins compatible for Editor in 0.18 ms, found 0 plugins.
Preloading 0 native plugins for Editor in 0.00 ms.
Unloading 1116 Unused Serialized files (Serialized files now loaded: 0)
System memory in use before: 61.1 MB.
System memory in use after: 61.1 MB.

Unloading 5 unused Assets to reduce memory usage. Loaded Objects now: 1596.
Total: 1.239600 ms (FindLiveObjects: 0.106900 ms CreateObjectMapping: 0.028000 ms MarkObjects: 1.072300 ms  DeleteObjects: 0.031800 ms)

========================================================================
Received Import Request.
  Time since last request: 24.427994 seconds.
  path: Assets/Scripts/CameraController.cs
  artifactKey: Guid(aa0ac2e6296caf8479043123cf35e1b5) Importer(815301076,1909f56bfc062723c751e8b465ee728b)
Start importing Assets/Scripts/CameraController.cs using Guid(aa0ac2e6296caf8479043123cf35e1b5) Importer(815301076,1909f56bfc062723c751e8b465ee728b)  -> (artifact id: 'c13172174519c7284fc705f11268a1ae') in 0.002697 seconds
  Import took 0.004162 seconds .

========================================================================
Received Import Request.
  Time since last request: 81.847854 seconds.
  path: Assets/Scripts/CameraController.cs
  artifactKey: Guid(aa0ac2e6296caf8479043123cf35e1b5) Importer(815301076,1909f56bfc062723c751e8b465ee728b)
Start importing Assets/Scripts/CameraController.cs using Guid(aa0ac2e6296caf8479043123cf35e1b5) Importer(815301076,1909f56bfc062723c751e8b465ee728b)  -> (artifact id: '82d68ca067d9a4f88f8ced3b1c3a8147') in 0.001370 seconds
  Import took 0.002838 seconds .

========================================================================
Received Prepare
Registering precompiled user dll's ...
Registered in 0.000335 seconds.
Begin MonoManager ReloadAssembly
Native extension for WindowsStandalone target not found
Native extension for WebGL target not found
Refreshing native plugins compatible for Editor in 0.18 ms, found 0 plugins.
Preloading 0 native plugins for Editor in 0.00 ms.
Mono: successfully reloaded assembly
- Completed reload, in  0.596 seconds
Platform modules already initialized, skipping
Refreshing native plugins compatible for Editor in 0.18 ms, found 0 plugins.
Preloading 0 native plugins for Editor in 0.00 ms.
Unloading 1116 Unused Serialized files (Serialized files now loaded: 0)
System memory in use before: 61.1 MB.
System memory in use after: 61.1 MB.

Unloading 5 unused Assets to reduce memory usage. Loaded Objects now: 1599.
Total: 1.176100 ms (FindLiveObjects: 0.097500 ms CreateObjectMapping: 0.026800 ms MarkObjects: 1.016800 ms  DeleteObjects: 0.034400 ms)

========================================================================
Received Import Request.
  Time since last request: 89.814905 seconds.
  path: Assets/Scripts/CameraController.cs
  artifactKey: Guid(aa0ac2e6296caf8479043123cf35e1b5) Importer(815301076,1909f56bfc062723c751e8b465ee728b)
Start importing Assets/Scripts/CameraController.cs using Guid(aa0ac2e6296caf8479043123cf35e1b5) Importer(815301076,1909f56bfc062723c751e8b465ee728b)  -> (artifact id: 'f46ae8737827b2677856bfe3096c74ea') in 0.002659 seconds
  Import took 0.004673 seconds .

========================================================================
Received Prepare
Registering precompiled user dll's ...
Registered in 0.000296 seconds.
Begin MonoManager ReloadAssembly
Native extension for WindowsStandalone target not found
Native extension for WebGL target not found
Refreshing native plugins compatible for Editor in 0.21 ms, found 0 plugins.
Preloading 0 native plugins for Editor in 0.00 ms.
Mono: successfully reloaded assembly
- Completed reload, in  0.600 seconds
Platform modules already initialized, skipping
Refreshing native plugins compatible for Editor in 0.19 ms, found 0 plugins.
Preloading 0 native plugins for Editor in 0.00 ms.
Unloading 1116 Unused Serialized files (Serialized files now loaded: 0)
System memory in use before: 61.1 MB.
System memory in use after: 61.1 MB.

Unloading 5 unused Assets to reduce memory usage. Loaded Objects now: 1602.
Total: 1.203300 ms (FindLiveObjects: 0.098700 ms CreateObjectMapping: 0.027900 ms MarkObjects: 1.043600 ms  DeleteObjects: 0.032700 ms)

========================================================================
Received Prepare
Registering precompiled user dll's ...
Registered in 0.000341 seconds.
Begin MonoManager ReloadAssembly
Native extension for WindowsStandalone target not found
Native extension for WebGL target not found
Refreshing native plugins compatible for Editor in 0.19 ms, found 0 plugins.
Preloading 0 native plugins for Editor in 0.00 ms.
Mono: successfully reloaded assembly
- Completed reload, in  0.589 seconds
Platform modules already initialized, skipping
Refreshing native plugins compatible for Editor in 0.18 ms, found 0 plugins.
Preloading 0 native plugins for Editor in 0.00 ms.
Unloading 1116 Unused Serialized files (Serialized files now loaded: 0)
System memory in use before: 61.1 MB.
System memory in use after: 61.1 MB.

Unloading 5 unused Assets to reduce memory usage. Loaded Objects now: 1605.
Total: 1.343300 ms (FindLiveObjects: 0.106500 ms CreateObjectMapping: 0.028300 ms MarkObjects: 1.173100 ms  DeleteObjects: 0.034800 ms)

